Subscribing to direction
Publishing to direction
direction=circlel
Publishing to direction
direction=stop
Publishing to direction
direction=backward
Publishing to direction
direction=stop
Subscribing to direction
Subscribing to direction
Subscribing to direction
Subscribing to direction
Publishing to direction
direction=backward
Subscribing to direction
Publishing to direction
direction=circler
Publishing to direction
direction=circler
Publishing to direction
direction=circler
Publishing to direction
direction=circler
Subscribing to direction
Publishing to speed
Publishing to speed
Publishing to speed
Publishing to speed
Subscribing to direction
Publishing to speed
Publishing to speed
Publishing to speed
Publishing to speed
Publishing to speed
Publishing to direction
direction=circlel
Publishing to speed
Publishing to speed
Publishing to speed
Publishing to speed
Publishing to speed
Publishing to speed
Publishing to speed
Publishing to speed
Publishing to speed
Subscribing to direction
Publishing to speed
Publishing to speed
Publishing to speed
Publishing to speed
Subscribing to direction
Subscribing to speed
Publishing to speed
speed=speeds
Publishing to speed
speed=speeds
Publishing to speed
speed=speeds
Publishing to speed
speed=speeds
Publishing to speed
speed=speeds
Publishing to speed
speed=speeds
Publishing to speed
speed=speeds
Publishing to speed
speed=speeds
Publishing to speed
speed=speeds
Publishing to speed
speed=speeds
Publishing to speed
speed=speeds
Publishing to speed
speed=speeds
Publishing to direction
direction=forward
Publishing to speed
speed=speeds
Publishing to speed
speed=speeds
Publishing to speed
speed=speeds
Publishing to speed
speed=speeds
Publishing to speed
speed=speeds
Publishing to speed
speed=speeds
Publishing to speed
speed=speeds
Publishing to speed
speed=speeds
Publishing to speed
speed=speeds
Publishing to direction
direction=forward
Publishing to speed
speed=speeds
Publishing to direction
direction=forward
Publishing to speed
speed=speeds
Publishing to direction
direction=forward
Publishing to direction
direction=stop
Subscribing to direction
Subscribing to speed
Publishing to speed
speed=600
Publishing to speed
speed=850
Publishing to speed
speed=840
Publishing to speed
speed=770
Publishing to speed
speed=730
Publishing to speed
speed=720
Publishing to speed
speed=650
Publishing to speed
speed=600
Publishing to direction
direction=forward
Publishing to speed
speed=630
Publishing to speed
speed=670
Publishing to direction
direction=forward
Publishing to direction
direction=forward
Publishing to speed
speed=750
Publishing to direction
direction=forward
Publishing to speed
speed=810
Publishing to direction
direction=forward
Publishing to speed
speed=860
Publishing to direction
direction=forward
Publishing to speed
speed=900
Publishing to direction
direction=right
Publishing to direction
direction=forward
Publishing to speed
speed=940
Publishing to direction
direction=forward
Publishing to speed
speed=980
Publishing to direction
direction=forward
Publishing to speed
speed=1000
Publishing to direction
direction=forward
Publishing to speed
speed=1020
Publishing to direction
direction=forward
Publishing to direction
direction=forward
Publishing to direction
direction=forward
Publishing to direction
direction=forward
Publishing to speed
speed=670
Publishing to direction
direction=forward
Publishing to direction
direction=right
Publishing to speed
speed=630
Publishing to speed
speed=610
Publishing to speed
speed=650
Publishing to direction
direction=forward
Publishing to speed
speed=670
Publishing to speed
speed=720
Publishing to direction
direction=forward
Publishing to speed
speed=650
Publishing to speed
speed=600
Publishing to direction
direction=forward
Publishing to direction
direction=stop
Subscribing to direction
Subscribing to speed
Publishing to speed
speed=600
Publishing to direction
direction=forward
Publishing to speed
speed=840
Publishing to speed
speed=890
Publishing to speed
speed=960
Publishing to speed
speed=1020
Publishing to speed
speed=720
Publishing to speed
speed=640
Publishing to speed
speed=600
Publishing to speed
speed=1020
Publishing to speed
speed=620
Publishing to speed
speed=820
Publishing to speed
speed=900
Publishing to direction
direction=right
Publishing to direction
direction=left
Publishing to speed
speed=970
Publishing to speed
speed=1000
Publishing to speed
speed=1020
Publishing to speed
speed=900
Publishing to direction
direction=left
Publishing to direction
direction=left
Publishing to direction
direction=left
Publishing to direction
direction=right
Publishing to direction
direction=backward
Publishing to direction
direction=circlel
Publishing to direction
direction=stop
Publishing to speed
speed=610
Publishing to direction
direction=forward
Publishing to direction
direction=right
Publishing to speed
speed=850
Publishing to direction
direction=forward
Publishing to direction
direction=stop
Publishing to direction
direction=right
Publishing to speed
speed=1020
Publishing to speed
speed=610
Publishing to direction
direction=right
Publishing to direction
direction=forward
Publishing to direction
direction=forward
Publishing to direction
direction=forward
Publishing to direction
direction=forward
Publishing to direction
direction=forward
Publishing to direction
direction=forward
Publishing to direction
direction=forward
Publishing to direction
direction=forward
Publishing to direction
direction=forward
Publishing to direction
direction=forward
Publishing to direction
direction=forward
Publishing to direction
direction=forward
Publishing to direction
direction=forward
Publishing to speed
speed=660
Publishing to direction
direction=forward
Publishing to direction
direction=forward
Publishing to direction
direction=forward
Publishing to direction
direction=forward
Publishing to direction
direction=forward
Publishing to direction
direction=forward
Publishing to direction
direction=forward
Publishing to direction
direction=forward
Publishing to speed
speed=740
Publishing to direction
direction=forward
Publishing to direction
direction=forward
Publishing to direction
direction=backward
Publishing to direction
direction=forward
Publishing to direction
direction=backward
Publishing to direction
direction=forward
Publishing to direction
direction=backward
Publishing to direction
direction=forward
Publishing to direction
direction=backward
Publishing to direction
direction=forward
Publishing to direction
direction=backward
Publishing to direction
direction=forward
Publishing to direction
direction=backward
Publishing to direction
direction=forward
Publishing to direction
direction=stop
Publishing to direction
direction=backward
Publishing to direction
direction=stop
Publishing to direction
direction=stop
Publishing to direction
direction=backward
Publishing to direction
direction=backward
Publishing to direction
direction=forward
Publishing to direction
direction=forward
Publishing to direction
direction=forward
Publishing to direction
direction=forward
Publishing to direction
direction=forward
Publishing to direction
direction=forward
Publishing to speed
speed=660
Publishing to speed
speed=600
Publishing to direction
direction=stop
Subscribing to direction
Subscribing to speed
Publishing to speed
speed=600
Publishing to speed
speed=300
Publishing to direction
direction=backward
Publishing to speed
speed=400
Publishing to speed
speed=500
Publishing to speed
speed=600
Publishing to speed
speed=700
Publishing to speed
speed=800
Publishing to speed
speed=900
Publishing to speed
speed=1000
Publishing to direction
direction=forward
Publishing to speed
speed=200
Publishing to speed
speed=300
Publishing to speed
speed=400
Publishing to speed
speed=500
Publishing to direction
direction=stop
Subscribing to direction
Subscribing to speed
Publishing to speed
speed=600
Publishing to direction
direction=backward
Publishing to speed
speed=570
Publishing to direction
direction=stop
Publishing to direction
direction=forward
Publishing to direction
direction=stop
Publishing to direction
direction=backward
Publishing to direction
direction=stop
Publishing to direction
direction=left
Publishing to direction
direction=forward
Publishing to speed
speed=560
Publishing to speed
speed=550
Publishing to speed
speed=540
Publishing to speed
speed=530
Publishing to speed
speed=510
Publishing to speed
speed=500
Publishing to speed
speed=480
Publishing to speed
speed=460
Publishing to direction
direction=backward
Publishing to speed
speed=430
Publishing to speed
speed=390
Publishing to speed
speed=270
Publishing to speed
speed=280
Publishing to speed
speed=290
Publishing to speed
speed=310
Publishing to speed
speed=380
Publishing to direction
direction=backward
Publishing to speed
speed=450
Publishing to speed
speed=480
Publishing to speed
speed=520
Publishing to direction
direction=forward
Publishing to speed
speed=340
Publishing to speed
speed=220
Publishing to speed
speed=240
Publishing to speed
speed=250
Publishing to speed
speed=260
Publishing to speed
speed=280
Publishing to speed
speed=300
Publishing to speed
speed=310
Publishing to speed
speed=340
Publishing to speed
speed=380
Publishing to speed
speed=430
Publishing to speed
speed=560
Publishing to speed
speed=500
Publishing to speed
speed=380
Publishing to direction
direction=forward
Publishing to direction
direction=backward
Publishing to direction
direction=stop
Publishing to direction
direction=stop
Publishing to speed
speed=720
Publishing to direction
direction=backward
Publishing to direction
direction=backward
